2024-02-12 21:12:33,816 INFO o.a.j.u.JMeterUtils: Setting Locale to en_EN
2024-02-12 21:12:33,834 INFO o.a.j.JMeter: Loading user properties from: /opt/homebrew/Cellar/jmeter/5.6.2/libexec/bin/user.properties
2024-02-12 21:12:33,834 INFO o.a.j.JMeter: Loading system properties from: /opt/homebrew/Cellar/jmeter/5.6.2/libexec/bin/system.properties
2024-02-12 21:12:33,838 INFO o.a.j.JMeter: Copyright (c) 1998-2023 The Apache Software Foundation
2024-02-12 21:12:33,838 INFO o.a.j.JMeter: Version 5.6.2
2024-02-12 21:12:33,838 INFO o.a.j.JMeter: java.version=17.0.8.1
2024-02-12 21:12:33,838 INFO o.a.j.JMeter: java.vm.name=OpenJDK 64-Bit Server VM
2024-02-12 21:12:33,838 INFO o.a.j.JMeter: os.name=Mac OS X
2024-02-12 21:12:33,838 INFO o.a.j.JMeter: os.arch=aarch64
2024-02-12 21:12:33,838 INFO o.a.j.JMeter: os.version=13.5.1
2024-02-12 21:12:33,838 INFO o.a.j.JMeter: file.encoding=UTF-8
2024-02-12 21:12:33,838 INFO o.a.j.JMeter: java.awt.headless=null
2024-02-12 21:12:33,838 INFO o.a.j.JMeter: Max memory     =1073741824
2024-02-12 21:12:33,838 INFO o.a.j.JMeter: Available Processors =8
2024-02-12 21:12:33,843 INFO o.a.j.JMeter: Default Locale=English (EN)
2024-02-12 21:12:33,843 INFO o.a.j.JMeter: JMeter  Locale=English (EN)
2024-02-12 21:12:33,843 INFO o.a.j.JMeter: JMeterHome=/opt/homebrew/Cellar/jmeter/5.6.2/libexec
2024-02-12 21:12:33,843 INFO o.a.j.JMeter: user.dir  =/Users/ridho/Documents/jmeter-test-result/ms-liveness-non-reactive/deployment
2024-02-12 21:12:33,844 INFO o.a.j.JMeter: PWD       =/Users/ridho/Documents/jmeter-test-result/ms-liveness-non-reactive/deployment
2024-02-12 21:12:33,845 INFO o.a.j.JMeter: IP: 127.0.0.1 Name: 26.local FullName: localhost
2024-02-12 21:12:33,852 INFO o.a.j.JMeter: Loaded icon properties from org/apache/jmeter/images/icon.properties
2024-02-12 21:12:34,257 INFO o.a.j.JMeterGuiLauncher: Setting LAF to: com.github.weisj.darklaf.DarkLaf:com.github.weisj.darklaf.theme.DarculaTheme
2024-02-12 21:12:35,439 INFO o.a.j.r.ClassFinder: Will scan jar /opt/homebrew/Cellar/jmeter/5.6.2/libexec/lib/ext/jmeter-plugins-manager-1.9.jar with filter ExtendsClassFilter [parents=[interface org.apache.jmeter.gui.action.Command], inner=false, contains=null, notContains=null]. Consider exposing JMeter plugins via META-INF/services, and add JMeter-Skip-Class-Scanning=true manifest attribute so JMeter can skip classfile scanning
2024-02-12 21:12:35,509 INFO o.a.j.r.ClassFinder: Will scan jar /opt/homebrew/Cellar/jmeter/5.6.2/libexec/lib/ext/jmeter-plugins-manager-1.9.jar with filter ExtendsClassFilter [parents=[interface org.apache.jmeter.gui.plugin.MenuCreator], inner=false, contains=null, notContains=null]. Consider exposing JMeter plugins via META-INF/services, and add JMeter-Skip-Class-Scanning=true manifest attribute so JMeter can skip classfile scanning
2024-02-12 21:12:35,562 INFO o.j.r.JARSourceHTTP: Requesting https://jmeter-plugins.org/repo/?installID=docker-57bba975786928416674f140456d9c44-gui
2024-02-12 21:12:39,118 INFO o.j.r.PluginManager: Plugins Status: [jpgc-plugins-manager=1.9, jmeter-core=5.6.2, jmeter-ftp=5.6.2, jmeter-http=5.6.2, jmeter-jdbc=5.6.2, jmeter-jms=5.6.2, jmeter-junit=5.6.2, jmeter-java=5.6.2, jmeter-ldap=5.6.2, jmeter-mail=5.6.2, jmeter-mongodb=5.6.2, jmeter-native=5.6.2, jmeter-tcp=5.6.2, jmeter-components=5.6.2]
2024-02-12 21:12:39,119 INFO o.j.r.PluginManagerMenuItem: Plugins Manager has upgrades: [jpgc-plugins-manager]
2024-02-12 21:12:48,315 INFO o.a.j.s.FileServer: Default base='/Users/ridho/Documents/jmeter-test-result/ms-liveness-non-reactive/deployment'
2024-02-12 21:12:48,317 INFO o.a.j.g.a.Load: Loading file: /Users/ridho/Documents/jmeter-test-result/View Results Tree.jmx
2024-02-12 21:12:48,317 INFO o.a.j.s.FileServer: Set new base='/Users/ridho/Documents/jmeter-test-result'
2024-02-12 21:12:48,411 INFO o.a.j.s.SaveService: Testplan (JMX) version: 2.2. Testlog (JTL) version: 2.2
2024-02-12 21:12:48,414 INFO o.a.j.s.SaveService: Using SaveService properties version 5.0
2024-02-12 21:12:48,415 INFO o.a.j.s.SaveService: Using SaveService properties file encoding UTF-8
2024-02-12 21:12:48,416 INFO o.a.j.s.SaveService: Loading file: /Users/ridho/Documents/jmeter-test-result/View Results Tree.jmx
2024-02-12 21:12:48,459 INFO o.a.j.p.h.s.HTTPSamplerBase: Parser for text/html is org.apache.jmeter.protocol.http.parser.LagartoBasedHtmlParser
2024-02-12 21:12:48,459 INFO o.a.j.p.h.s.HTTPSamplerBase: Parser for application/xhtml+xml is org.apache.jmeter.protocol.http.parser.LagartoBasedHtmlParser
2024-02-12 21:12:48,459 INFO o.a.j.p.h.s.HTTPSamplerBase: Parser for application/xml is org.apache.jmeter.protocol.http.parser.LagartoBasedHtmlParser
2024-02-12 21:12:48,459 INFO o.a.j.p.h.s.HTTPSamplerBase: Parser for text/xml is org.apache.jmeter.protocol.http.parser.LagartoBasedHtmlParser
2024-02-12 21:12:48,459 INFO o.a.j.p.h.s.HTTPSamplerBase: Parser for text/vnd.wap.wml is org.apache.jmeter.protocol.http.parser.RegexpHTMLParser
2024-02-12 21:12:48,459 INFO o.a.j.p.h.s.HTTPSamplerBase: Parser for text/css is org.apache.jmeter.protocol.http.parser.CssParser
2024-02-12 21:12:48,557 INFO o.a.j.s.FileServer: Set new base='/Users/ridho/Documents/jmeter-test-result'
2024-02-12 21:13:08,682 INFO o.a.j.e.StandardJMeterEngine: Running the test!
2024-02-12 21:13:08,683 INFO o.a.j.s.SampleEvent: List of sample_variables: []
2024-02-12 21:13:08,683 INFO o.a.j.s.SampleEvent: List of sample_variables: []
2024-02-12 21:13:08,684 INFO o.a.j.e.u.CompoundVariable: Note: Function class names must contain the string: '.functions.'
2024-02-12 21:13:08,684 INFO o.a.j.e.u.CompoundVariable: Note: Function class names must not contain the string: '.gui.'
2024-02-12 21:13:08,723 INFO o.a.j.r.ClassFinder: Will scan jar /opt/homebrew/Cellar/jmeter/5.6.2/libexec/lib/ext/jmeter-plugins-manager-1.9.jar with filter ExtendsClassFilter [parents=[interface org.apache.jmeter.functions.Function], inner=false, contains=null, notContains=null]. Consider exposing JMeter plugins via META-INF/services, and add JMeter-Skip-Class-Scanning=true manifest attribute so JMeter can skip classfile scanning
2024-02-12 21:13:08,726 INFO o.a.j.g.u.JMeterMenuBar: setRunning(true, *local*)
2024-02-12 21:13:08,750 INFO o.a.j.e.StandardJMeterEngine: Starting ThreadGroup: 1 : User
2024-02-12 21:13:08,750 INFO o.a.j.e.StandardJMeterEngine: Starting 100 threads for group User.
2024-02-12 21:13:08,750 INFO o.a.j.e.StandardJMeterEngine: Thread will continue on error
2024-02-12 21:13:08,750 INFO o.a.j.t.ThreadGroup: Starting thread group... number=1 threads=100 ramp-up=1 delayedStart=false
2024-02-12 21:13:08,752 INFO o.a.j.t.JMeterThread: Thread started: User 1-1
2024-02-12 21:13:08,756 INFO o.a.j.p.h.s.HTTPHCAbstractImpl: Local host = 26.local
2024-02-12 21:13:08,760 INFO o.a.j.p.h.s.HTTPHC4Impl: HTTP request retry count = 0
2024-02-12 21:13:08,761 INFO o.a.j.s.SampleResult: Note: Sample TimeStamps are START times
2024-02-12 21:13:08,761 INFO o.a.j.s.SampleResult: sampleresult.default.encoding is set to UTF-8
2024-02-12 21:13:08,761 INFO o.a.j.s.SampleResult: sampleresult.useNanoTime=true
2024-02-12 21:13:08,761 INFO o.a.j.s.SampleResult: sampleresult.nanoThreadSleep=5000
2024-02-12 21:13:08,763 INFO o.a.j.t.ThreadGroup: Started thread group number 1
2024-02-12 21:13:08,763 INFO o.a.j.e.StandardJMeterEngine: All thread groups have been started
2024-02-12 21:13:08,763 INFO o.a.j.t.JMeterThread: Thread started: User 1-2
2024-02-12 21:13:08,774 INFO o.a.j.t.JMeterThread: Thread started: User 1-3
2024-02-12 21:13:08,782 INFO o.a.j.t.JMeterThread: Thread started: User 1-4
2024-02-12 21:13:08,789 INFO o.a.j.u.JsseSSLManager: Using default SSL protocol: TLS
2024-02-12 21:13:08,789 INFO o.a.j.u.JsseSSLManager: SSL session context: per-thread
2024-02-12 21:13:08,795 INFO o.a.j.t.JMeterThread: Thread started: User 1-5
2024-02-12 21:13:08,805 INFO o.a.j.t.JMeterThread: Thread started: User 1-6
2024-02-12 21:13:08,815 INFO o.a.j.t.JMeterThread: Thread started: User 1-7
2024-02-12 21:13:08,826 INFO o.a.j.t.JMeterThread: Thread started: User 1-8
2024-02-12 21:13:08,836 INFO o.a.j.t.JMeterThread: Thread started: User 1-9
2024-02-12 21:13:08,845 INFO o.a.j.t.JMeterThread: Thread started: User 1-10
2024-02-12 21:13:08,856 INFO o.a.j.t.JMeterThread: Thread started: User 1-11
2024-02-12 21:13:08,863 INFO o.a.j.t.JMeterThread: Thread is done: User 1-1
2024-02-12 21:13:08,863 INFO o.a.j.t.JMeterThread: Thread finished: User 1-1
2024-02-12 21:13:08,866 INFO o.a.j.t.JMeterThread: Thread started: User 1-12
2024-02-12 21:13:08,868 INFO o.a.j.t.JMeterThread: Thread is done: User 1-4
2024-02-12 21:13:08,868 INFO o.a.j.t.JMeterThread: Thread finished: User 1-4
2024-02-12 21:13:08,868 INFO o.a.j.t.JMeterThread: Thread is done: User 1-2
2024-02-12 21:13:08,870 INFO o.a.j.t.JMeterThread: Thread is done: User 1-3
2024-02-12 21:13:08,870 INFO o.a.j.t.JMeterThread: Thread finished: User 1-3
2024-02-12 21:13:08,868 INFO o.a.j.t.JMeterThread: Thread finished: User 1-2
2024-02-12 21:13:08,872 INFO o.a.j.t.JMeterThread: Thread started: User 1-13
2024-02-12 21:13:08,877 INFO o.a.j.t.JMeterThread: Thread is done: User 1-5
2024-02-12 21:13:08,877 INFO o.a.j.t.JMeterThread: Thread finished: User 1-5
2024-02-12 21:13:08,886 INFO o.a.j.t.JMeterThread: Thread started: User 1-14
2024-02-12 21:13:08,889 INFO o.a.j.t.JMeterThread: Thread is done: User 1-6
2024-02-12 21:13:08,889 INFO o.a.j.t.JMeterThread: Thread finished: User 1-6
2024-02-12 21:13:08,894 INFO o.a.j.t.JMeterThread: Thread is done: User 1-7
2024-02-12 21:13:08,894 INFO o.a.j.t.JMeterThread: Thread finished: User 1-7
2024-02-12 21:13:08,896 INFO o.a.j.t.JMeterThread: Thread started: User 1-15
2024-02-12 21:13:08,905 INFO o.a.j.t.JMeterThread: Thread is done: User 1-8
2024-02-12 21:13:08,905 INFO o.a.j.t.JMeterThread: Thread finished: User 1-8
2024-02-12 21:13:08,906 INFO o.a.j.t.JMeterThread: Thread started: User 1-16
2024-02-12 21:13:08,914 INFO o.a.j.t.JMeterThread: Thread is done: User 1-9
2024-02-12 21:13:08,914 INFO o.a.j.t.JMeterThread: Thread finished: User 1-9
2024-02-12 21:13:08,915 INFO o.a.j.t.JMeterThread: Thread started: User 1-17
2024-02-12 21:13:08,922 INFO o.a.j.t.JMeterThread: Thread is done: User 1-10
2024-02-12 21:13:08,922 INFO o.a.j.t.JMeterThread: Thread finished: User 1-10
2024-02-12 21:13:08,925 INFO o.a.j.t.JMeterThread: Thread started: User 1-18
2024-02-12 21:13:08,933 INFO o.a.j.t.JMeterThread: Thread is done: User 1-11
2024-02-12 21:13:08,933 INFO o.a.j.t.JMeterThread: Thread finished: User 1-11
2024-02-12 21:13:08,934 INFO o.a.j.t.JMeterThread: Thread is done: User 1-12
2024-02-12 21:13:08,935 INFO o.a.j.t.JMeterThread: Thread finished: User 1-12
2024-02-12 21:13:08,935 INFO o.a.j.t.JMeterThread: Thread started: User 1-19
2024-02-12 21:13:08,937 INFO o.a.j.t.JMeterThread: Thread is done: User 1-13
2024-02-12 21:13:08,937 INFO o.a.j.t.JMeterThread: Thread finished: User 1-13
2024-02-12 21:13:08,945 INFO o.a.j.t.JMeterThread: Thread started: User 1-20
2024-02-12 21:13:08,952 INFO o.a.j.t.JMeterThread: Thread is done: User 1-14
2024-02-12 21:13:08,953 INFO o.a.j.t.JMeterThread: Thread finished: User 1-14
2024-02-12 21:13:08,956 INFO o.a.j.t.JMeterThread: Thread started: User 1-21
2024-02-12 21:13:08,958 INFO o.a.j.t.JMeterThread: Thread is done: User 1-15
2024-02-12 21:13:08,958 INFO o.a.j.t.JMeterThread: Thread finished: User 1-15
2024-02-12 21:13:08,963 INFO o.a.j.t.JMeterThread: Thread is done: User 1-16
2024-02-12 21:13:08,963 INFO o.a.j.t.JMeterThread: Thread finished: User 1-16
2024-02-12 21:13:08,966 INFO o.a.j.t.JMeterThread: Thread started: User 1-22
2024-02-12 21:13:08,972 INFO o.a.j.t.JMeterThread: Thread is done: User 1-17
2024-02-12 21:13:08,972 INFO o.a.j.t.JMeterThread: Thread finished: User 1-17
2024-02-12 21:13:08,976 INFO o.a.j.t.JMeterThread: Thread is done: User 1-18
2024-02-12 21:13:08,976 INFO o.a.j.t.JMeterThread: Thread finished: User 1-18
2024-02-12 21:13:08,976 INFO o.a.j.t.JMeterThread: Thread started: User 1-23
2024-02-12 21:13:08,981 INFO o.a.j.t.JMeterThread: Thread started: User 1-24
2024-02-12 21:13:08,991 INFO o.a.j.t.JMeterThread: Thread started: User 1-25
2024-02-12 21:13:08,998 INFO o.a.j.t.JMeterThread: Thread is done: User 1-19
2024-02-12 21:13:08,999 INFO o.a.j.t.JMeterThread: Thread finished: User 1-19
2024-02-12 21:13:09,000 INFO o.a.j.t.JMeterThread: Thread started: User 1-26
2024-02-12 21:13:09,011 INFO o.a.j.t.JMeterThread: Thread started: User 1-27
2024-02-12 21:13:09,011 INFO o.a.j.t.JMeterThread: Thread is done: User 1-20
2024-02-12 21:13:09,012 INFO o.a.j.t.JMeterThread: Thread finished: User 1-20
2024-02-12 21:13:09,024 INFO o.a.j.t.JMeterThread: Thread is done: User 1-21
2024-02-12 21:13:09,024 INFO o.a.j.t.JMeterThread: Thread finished: User 1-21
2024-02-12 21:13:09,025 INFO o.a.j.t.JMeterThread: Thread started: User 1-28
2024-02-12 21:13:09,035 INFO o.a.j.t.JMeterThread: Thread is done: User 1-22
2024-02-12 21:13:09,035 INFO o.a.j.t.JMeterThread: Thread finished: User 1-22
2024-02-12 21:13:09,035 INFO o.a.j.t.JMeterThread: Thread started: User 1-29
2024-02-12 21:13:09,044 INFO o.a.j.t.JMeterThread: Thread is done: User 1-23
2024-02-12 21:13:09,044 INFO o.a.j.t.JMeterThread: Thread finished: User 1-23
2024-02-12 21:13:09,045 INFO o.a.j.t.JMeterThread: Thread started: User 1-30
2024-02-12 21:13:09,047 INFO o.a.j.t.JMeterThread: Thread is done: User 1-24
2024-02-12 21:13:09,047 INFO o.a.j.t.JMeterThread: Thread finished: User 1-24
2024-02-12 21:13:09,047 INFO o.a.j.t.JMeterThread: Thread is done: User 1-25
2024-02-12 21:13:09,047 INFO o.a.j.t.JMeterThread: Thread finished: User 1-25
2024-02-12 21:13:09,051 INFO o.a.j.t.JMeterThread: Thread started: User 1-31
2024-02-12 21:13:09,056 INFO o.a.j.t.JMeterThread: Thread is done: User 1-26
2024-02-12 21:13:09,056 INFO o.a.j.t.JMeterThread: Thread finished: User 1-26
2024-02-12 21:13:09,061 INFO o.a.j.t.JMeterThread: Thread is done: User 1-27
2024-02-12 21:13:09,061 INFO o.a.j.t.JMeterThread: Thread finished: User 1-27
2024-02-12 21:13:09,065 INFO o.a.j.t.JMeterThread: Thread started: User 1-32
2024-02-12 21:13:09,071 INFO o.a.j.t.JMeterThread: Thread started: User 1-33
2024-02-12 21:13:09,077 INFO o.a.j.t.JMeterThread: Thread is done: User 1-28
2024-02-12 21:13:09,077 INFO o.a.j.t.JMeterThread: Thread finished: User 1-28
2024-02-12 21:13:09,081 INFO o.a.j.t.JMeterThread: Thread started: User 1-34
2024-02-12 21:13:09,086 INFO o.a.j.t.JMeterThread: Thread is done: User 1-29
2024-02-12 21:13:09,086 INFO o.a.j.t.JMeterThread: Thread finished: User 1-29
2024-02-12 21:13:09,092 INFO o.a.j.t.JMeterThread: Thread started: User 1-35
2024-02-12 21:13:09,098 INFO o.a.j.t.JMeterThread: Thread is done: User 1-30
2024-02-12 21:13:09,098 INFO o.a.j.t.JMeterThread: Thread finished: User 1-30
2024-02-12 21:13:09,100 INFO o.a.j.t.JMeterThread: Thread started: User 1-36
2024-02-12 21:13:09,108 INFO o.a.j.t.JMeterThread: Thread is done: User 1-31
2024-02-12 21:13:09,108 INFO o.a.j.t.JMeterThread: Thread finished: User 1-31
2024-02-12 21:13:09,111 INFO o.a.j.t.JMeterThread: Thread started: User 1-37
2024-02-12 21:13:09,121 INFO o.a.j.t.JMeterThread: Thread is done: User 1-32
2024-02-12 21:13:09,121 INFO o.a.j.t.JMeterThread: Thread finished: User 1-32
2024-02-12 21:13:09,125 INFO o.a.j.t.JMeterThread: Thread started: User 1-38
2024-02-12 21:13:09,127 INFO o.a.j.t.JMeterThread: Thread is done: User 1-33
2024-02-12 21:13:09,127 INFO o.a.j.t.JMeterThread: Thread finished: User 1-33
2024-02-12 21:13:09,135 INFO o.a.j.t.JMeterThread: Thread started: User 1-39
2024-02-12 21:13:09,139 INFO o.a.j.t.JMeterThread: Thread is done: User 1-34
2024-02-12 21:13:09,139 INFO o.a.j.t.JMeterThread: Thread finished: User 1-34
2024-02-12 21:13:09,142 INFO o.a.j.t.JMeterThread: Thread is done: User 1-35
2024-02-12 21:13:09,142 INFO o.a.j.t.JMeterThread: Thread finished: User 1-35
2024-02-12 21:13:09,145 INFO o.a.j.t.JMeterThread: Thread started: User 1-40
2024-02-12 21:13:09,155 INFO o.a.j.t.JMeterThread: Thread started: User 1-41
2024-02-12 21:13:09,156 INFO o.a.j.t.JMeterThread: Thread is done: User 1-36
2024-02-12 21:13:09,156 INFO o.a.j.t.JMeterThread: Thread finished: User 1-36
2024-02-12 21:13:09,170 INFO o.a.j.t.JMeterThread: Thread started: User 1-42
2024-02-12 21:13:09,174 INFO o.a.j.t.JMeterThread: Thread is done: User 1-37
2024-02-12 21:13:09,174 INFO o.a.j.t.JMeterThread: Thread finished: User 1-37
2024-02-12 21:13:09,175 INFO o.a.j.t.JMeterThread: Thread started: User 1-43
2024-02-12 21:13:09,185 INFO o.a.j.t.JMeterThread: Thread started: User 1-44
2024-02-12 21:13:09,187 INFO o.a.j.t.JMeterThread: Thread is done: User 1-38
2024-02-12 21:13:09,187 INFO o.a.j.t.JMeterThread: Thread finished: User 1-38
2024-02-12 21:13:09,191 INFO o.a.j.t.JMeterThread: Thread is done: User 1-39
2024-02-12 21:13:09,191 INFO o.a.j.t.JMeterThread: Thread finished: User 1-39
2024-02-12 21:13:09,195 INFO o.a.j.t.JMeterThread: Thread started: User 1-45
2024-02-12 21:13:09,199 INFO o.a.j.t.JMeterThread: Thread is done: User 1-40
2024-02-12 21:13:09,199 INFO o.a.j.t.JMeterThread: Thread finished: User 1-40
2024-02-12 21:13:09,201 INFO o.a.j.t.JMeterThread: Thread is done: User 1-41
2024-02-12 21:13:09,201 INFO o.a.j.t.JMeterThread: Thread finished: User 1-41
2024-02-12 21:13:09,206 INFO o.a.j.t.JMeterThread: Thread started: User 1-46
2024-02-12 21:13:09,210 INFO o.a.j.t.JMeterThread: Thread is done: User 1-42
2024-02-12 21:13:09,210 INFO o.a.j.t.JMeterThread: Thread finished: User 1-42
2024-02-12 21:13:09,214 INFO o.a.j.t.JMeterThread: Thread is done: User 1-43
2024-02-12 21:13:09,214 INFO o.a.j.t.JMeterThread: Thread finished: User 1-43
2024-02-12 21:13:09,216 INFO o.a.j.t.JMeterThread: Thread started: User 1-47
2024-02-12 21:13:09,220 INFO o.a.j.t.JMeterThread: Thread is done: User 1-44
2024-02-12 21:13:09,220 INFO o.a.j.t.JMeterThread: Thread finished: User 1-44
2024-02-12 21:13:09,224 INFO o.a.j.t.JMeterThread: Thread is done: User 1-45
2024-02-12 21:13:09,224 INFO o.a.j.t.JMeterThread: Thread finished: User 1-45
2024-02-12 21:13:09,225 INFO o.a.j.t.JMeterThread: Thread started: User 1-48
2024-02-12 21:13:09,231 INFO o.a.j.t.JMeterThread: Thread is done: User 1-46
2024-02-12 21:13:09,231 INFO o.a.j.t.JMeterThread: Thread finished: User 1-46
2024-02-12 21:13:09,234 INFO o.a.j.t.JMeterThread: Thread started: User 1-49
2024-02-12 21:13:09,240 INFO o.a.j.t.JMeterThread: Thread is done: User 1-47
2024-02-12 21:13:09,240 INFO o.a.j.t.JMeterThread: Thread finished: User 1-47
2024-02-12 21:13:09,245 INFO o.a.j.t.JMeterThread: Thread started: User 1-50
2024-02-12 21:13:09,247 INFO o.a.j.t.JMeterThread: Thread is done: User 1-48
2024-02-12 21:13:09,247 INFO o.a.j.t.JMeterThread: Thread finished: User 1-48
2024-02-12 21:13:09,255 INFO o.a.j.t.JMeterThread: Thread is done: User 1-49
2024-02-12 21:13:09,255 INFO o.a.j.t.JMeterThread: Thread finished: User 1-49
2024-02-12 21:13:09,256 INFO o.a.j.t.JMeterThread: Thread started: User 1-51
2024-02-12 21:13:09,264 INFO o.a.j.t.JMeterThread: Thread is done: User 1-50
2024-02-12 21:13:09,264 INFO o.a.j.t.JMeterThread: Thread finished: User 1-50
2024-02-12 21:13:09,266 INFO o.a.j.t.JMeterThread: Thread started: User 1-52
2024-02-12 21:13:09,275 INFO o.a.j.t.JMeterThread: Thread is done: User 1-51
2024-02-12 21:13:09,275 INFO o.a.j.t.JMeterThread: Thread finished: User 1-51
2024-02-12 21:13:09,275 INFO o.a.j.t.JMeterThread: Thread started: User 1-53
2024-02-12 21:13:09,285 INFO o.a.j.t.JMeterThread: Thread started: User 1-54
2024-02-12 21:13:09,285 INFO o.a.j.t.JMeterThread: Thread is done: User 1-52
2024-02-12 21:13:09,285 INFO o.a.j.t.JMeterThread: Thread finished: User 1-52
2024-02-12 21:13:09,294 INFO o.a.j.t.JMeterThread: Thread is done: User 1-53
2024-02-12 21:13:09,294 INFO o.a.j.t.JMeterThread: Thread finished: User 1-53
2024-02-12 21:13:09,295 INFO o.a.j.t.JMeterThread: Thread started: User 1-55
2024-02-12 21:13:09,303 INFO o.a.j.t.JMeterThread: Thread is done: User 1-54
2024-02-12 21:13:09,303 INFO o.a.j.t.JMeterThread: Thread finished: User 1-54
2024-02-12 21:13:09,305 INFO o.a.j.t.JMeterThread: Thread started: User 1-56
2024-02-12 21:13:09,312 INFO o.a.j.t.JMeterThread: Thread started: User 1-57
2024-02-12 21:13:09,313 INFO o.a.j.t.JMeterThread: Thread is done: User 1-55
2024-02-12 21:13:09,313 INFO o.a.j.t.JMeterThread: Thread finished: User 1-55
2024-02-12 21:13:09,320 INFO o.a.j.t.JMeterThread: Thread started: User 1-58
2024-02-12 21:13:09,327 INFO o.a.j.t.JMeterThread: Thread is done: User 1-56
2024-02-12 21:13:09,327 INFO o.a.j.t.JMeterThread: Thread finished: User 1-56
2024-02-12 21:13:09,334 INFO o.a.j.t.JMeterThread: Thread is done: User 1-57
2024-02-12 21:13:09,334 INFO o.a.j.t.JMeterThread: Thread finished: User 1-57
2024-02-12 21:13:09,335 INFO o.a.j.t.JMeterThread: Thread started: User 1-59
2024-02-12 21:13:09,342 INFO o.a.j.t.JMeterThread: Thread is done: User 1-58
2024-02-12 21:13:09,343 INFO o.a.j.t.JMeterThread: Thread finished: User 1-58
2024-02-12 21:13:09,343 INFO o.a.j.t.JMeterThread: Thread started: User 1-60
2024-02-12 21:13:09,355 INFO o.a.j.t.JMeterThread: Thread started: User 1-61
2024-02-12 21:13:09,358 INFO o.a.j.t.JMeterThread: Thread is done: User 1-59
2024-02-12 21:13:09,358 INFO o.a.j.t.JMeterThread: Thread finished: User 1-59
2024-02-12 21:13:09,365 INFO o.a.j.t.JMeterThread: Thread started: User 1-62
2024-02-12 21:13:09,365 INFO o.a.j.t.JMeterThread: Thread is done: User 1-60
2024-02-12 21:13:09,365 INFO o.a.j.t.JMeterThread: Thread finished: User 1-60
2024-02-12 21:13:09,375 INFO o.a.j.t.JMeterThread: Thread started: User 1-63
2024-02-12 21:13:09,376 INFO o.a.j.t.JMeterThread: Thread is done: User 1-61
2024-02-12 21:13:09,376 INFO o.a.j.t.JMeterThread: Thread finished: User 1-61
2024-02-12 21:13:09,385 INFO o.a.j.t.JMeterThread: Thread started: User 1-64
2024-02-12 21:13:09,385 INFO o.a.j.t.JMeterThread: Thread is done: User 1-62
2024-02-12 21:13:09,385 INFO o.a.j.t.JMeterThread: Thread finished: User 1-62
2024-02-12 21:13:09,396 INFO o.a.j.t.JMeterThread: Thread started: User 1-65
2024-02-12 21:13:09,396 INFO o.a.j.t.JMeterThread: Thread is done: User 1-63
2024-02-12 21:13:09,396 INFO o.a.j.t.JMeterThread: Thread finished: User 1-63
2024-02-12 21:13:09,404 INFO o.a.j.t.JMeterThread: Thread is done: User 1-64
2024-02-12 21:13:09,404 INFO o.a.j.t.JMeterThread: Thread finished: User 1-64
2024-02-12 21:13:09,405 INFO o.a.j.t.JMeterThread: Thread started: User 1-66
2024-02-12 21:13:09,415 INFO o.a.j.t.JMeterThread: Thread started: User 1-67
2024-02-12 21:13:09,415 INFO o.a.j.t.JMeterThread: Thread is done: User 1-65
2024-02-12 21:13:09,415 INFO o.a.j.t.JMeterThread: Thread finished: User 1-65
2024-02-12 21:13:09,424 INFO o.a.j.t.JMeterThread: Thread is done: User 1-66
2024-02-12 21:13:09,425 INFO o.a.j.t.JMeterThread: Thread finished: User 1-66
2024-02-12 21:13:09,425 INFO o.a.j.t.JMeterThread: Thread started: User 1-68
2024-02-12 21:13:09,435 INFO o.a.j.t.JMeterThread: Thread is done: User 1-67
2024-02-12 21:13:09,435 INFO o.a.j.t.JMeterThread: Thread finished: User 1-67
2024-02-12 21:13:09,435 INFO o.a.j.t.JMeterThread: Thread started: User 1-69
2024-02-12 21:13:09,443 INFO o.a.j.t.JMeterThread: Thread is done: User 1-68
2024-02-12 21:13:09,443 INFO o.a.j.t.JMeterThread: Thread finished: User 1-68
2024-02-12 21:13:09,445 INFO o.a.j.t.JMeterThread: Thread started: User 1-70
2024-02-12 21:13:09,451 INFO o.a.j.t.JMeterThread: Thread is done: User 1-69
2024-02-12 21:13:09,451 INFO o.a.j.t.JMeterThread: Thread finished: User 1-69
2024-02-12 21:13:09,455 INFO o.a.j.t.JMeterThread: Thread started: User 1-71
2024-02-12 21:13:09,462 INFO o.a.j.t.JMeterThread: Thread is done: User 1-70
2024-02-12 21:13:09,462 INFO o.a.j.t.JMeterThread: Thread finished: User 1-70
2024-02-12 21:13:09,465 INFO o.a.j.t.JMeterThread: Thread started: User 1-72
2024-02-12 21:13:09,472 INFO o.a.j.t.JMeterThread: Thread is done: User 1-71
2024-02-12 21:13:09,473 INFO o.a.j.t.JMeterThread: Thread finished: User 1-71
2024-02-12 21:13:09,475 INFO o.a.j.t.JMeterThread: Thread started: User 1-73
2024-02-12 21:13:09,484 INFO o.a.j.t.JMeterThread: Thread is done: User 1-72
2024-02-12 21:13:09,484 INFO o.a.j.t.JMeterThread: Thread finished: User 1-72
2024-02-12 21:13:09,485 INFO o.a.j.t.JMeterThread: Thread started: User 1-74
2024-02-12 21:13:09,493 INFO o.a.j.t.JMeterThread: Thread is done: User 1-73
2024-02-12 21:13:09,493 INFO o.a.j.t.JMeterThread: Thread finished: User 1-73
2024-02-12 21:13:09,496 INFO o.a.j.t.JMeterThread: Thread started: User 1-75
2024-02-12 21:13:09,504 INFO o.a.j.t.JMeterThread: Thread is done: User 1-74
2024-02-12 21:13:09,504 INFO o.a.j.t.JMeterThread: Thread finished: User 1-74
2024-02-12 21:13:09,506 INFO o.a.j.t.JMeterThread: Thread started: User 1-76
2024-02-12 21:13:09,517 INFO o.a.j.t.JMeterThread: Thread started: User 1-77
2024-02-12 21:13:09,519 INFO o.a.j.t.JMeterThread: Thread is done: User 1-75
2024-02-12 21:13:09,519 INFO o.a.j.t.JMeterThread: Thread finished: User 1-75
2024-02-12 21:13:09,520 INFO o.a.j.t.JMeterThread: Thread started: User 1-78
2024-02-12 21:13:09,531 INFO o.a.j.t.JMeterThread: Thread is done: User 1-76
2024-02-12 21:13:09,531 INFO o.a.j.t.JMeterThread: Thread finished: User 1-76
2024-02-12 21:13:09,535 INFO o.a.j.t.JMeterThread: Thread started: User 1-79
2024-02-12 21:13:09,540 INFO o.a.j.t.JMeterThread: Thread is done: User 1-77
2024-02-12 21:13:09,541 INFO o.a.j.t.JMeterThread: Thread finished: User 1-77
2024-02-12 21:13:09,542 INFO o.a.j.t.JMeterThread: Thread is done: User 1-78
2024-02-12 21:13:09,542 INFO o.a.j.t.JMeterThread: Thread finished: User 1-78
2024-02-12 21:13:09,545 INFO o.a.j.t.JMeterThread: Thread started: User 1-80
2024-02-12 21:13:09,555 INFO o.a.j.t.JMeterThread: Thread is done: User 1-79
2024-02-12 21:13:09,555 INFO o.a.j.t.JMeterThread: Thread started: User 1-81
2024-02-12 21:13:09,555 INFO o.a.j.t.JMeterThread: Thread finished: User 1-79
2024-02-12 21:13:09,563 INFO o.a.j.t.JMeterThread: Thread is done: User 1-80
2024-02-12 21:13:09,563 INFO o.a.j.t.JMeterThread: Thread finished: User 1-80
2024-02-12 21:13:09,565 INFO o.a.j.t.JMeterThread: Thread started: User 1-82
2024-02-12 21:13:09,572 INFO o.a.j.t.JMeterThread: Thread is done: User 1-81
2024-02-12 21:13:09,572 INFO o.a.j.t.JMeterThread: Thread finished: User 1-81
2024-02-12 21:13:09,575 INFO o.a.j.t.JMeterThread: Thread started: User 1-83
2024-02-12 21:13:09,582 INFO o.a.j.t.JMeterThread: Thread is done: User 1-82
2024-02-12 21:13:09,583 INFO o.a.j.t.JMeterThread: Thread finished: User 1-82
2024-02-12 21:13:09,585 INFO o.a.j.t.JMeterThread: Thread started: User 1-84
2024-02-12 21:13:09,592 INFO o.a.j.t.JMeterThread: Thread is done: User 1-83
2024-02-12 21:13:09,592 INFO o.a.j.t.JMeterThread: Thread finished: User 1-83
2024-02-12 21:13:09,595 INFO o.a.j.t.JMeterThread: Thread started: User 1-85
2024-02-12 21:13:09,603 INFO o.a.j.t.JMeterThread: Thread is done: User 1-84
2024-02-12 21:13:09,603 INFO o.a.j.t.JMeterThread: Thread finished: User 1-84
2024-02-12 21:13:09,606 INFO o.a.j.t.JMeterThread: Thread started: User 1-86
2024-02-12 21:13:09,614 INFO o.a.j.t.JMeterThread: Thread is done: User 1-85
2024-02-12 21:13:09,614 INFO o.a.j.t.JMeterThread: Thread finished: User 1-85
2024-02-12 21:13:09,616 INFO o.a.j.t.JMeterThread: Thread started: User 1-87
2024-02-12 21:13:09,623 INFO o.a.j.t.JMeterThread: Thread is done: User 1-86
2024-02-12 21:13:09,624 INFO o.a.j.t.JMeterThread: Thread finished: User 1-86
2024-02-12 21:13:09,626 INFO o.a.j.t.JMeterThread: Thread started: User 1-88
2024-02-12 21:13:09,635 INFO o.a.j.t.JMeterThread: Thread is done: User 1-87
2024-02-12 21:13:09,635 INFO o.a.j.t.JMeterThread: Thread finished: User 1-87
2024-02-12 21:13:09,635 INFO o.a.j.t.JMeterThread: Thread started: User 1-89
2024-02-12 21:13:09,645 INFO o.a.j.t.JMeterThread: Thread started: User 1-90
2024-02-12 21:13:09,646 INFO o.a.j.t.JMeterThread: Thread is done: User 1-88
2024-02-12 21:13:09,647 INFO o.a.j.t.JMeterThread: Thread finished: User 1-88
2024-02-12 21:13:09,655 INFO o.a.j.t.JMeterThread: Thread is done: User 1-89
2024-02-12 21:13:09,655 INFO o.a.j.t.JMeterThread: Thread finished: User 1-89
2024-02-12 21:13:09,655 INFO o.a.j.t.JMeterThread: Thread started: User 1-91
2024-02-12 21:13:09,664 INFO o.a.j.t.JMeterThread: Thread is done: User 1-90
2024-02-12 21:13:09,665 INFO o.a.j.t.JMeterThread: Thread finished: User 1-90
2024-02-12 21:13:09,665 INFO o.a.j.t.JMeterThread: Thread started: User 1-92
2024-02-12 21:13:09,674 INFO o.a.j.t.JMeterThread: Thread is done: User 1-91
2024-02-12 21:13:09,674 INFO o.a.j.t.JMeterThread: Thread finished: User 1-91
2024-02-12 21:13:09,675 INFO o.a.j.t.JMeterThread: Thread started: User 1-93
2024-02-12 21:13:09,684 INFO o.a.j.t.JMeterThread: Thread is done: User 1-92
2024-02-12 21:13:09,684 INFO o.a.j.t.JMeterThread: Thread finished: User 1-92
2024-02-12 21:13:09,685 INFO o.a.j.t.JMeterThread: Thread started: User 1-94
2024-02-12 21:13:09,694 INFO o.a.j.t.JMeterThread: Thread is done: User 1-93
2024-02-12 21:13:09,695 INFO o.a.j.t.JMeterThread: Thread finished: User 1-93
2024-02-12 21:13:09,695 INFO o.a.j.t.JMeterThread: Thread started: User 1-95
2024-02-12 21:13:09,705 INFO o.a.j.t.JMeterThread: Thread started: User 1-96
2024-02-12 21:13:09,706 INFO o.a.j.t.JMeterThread: Thread is done: User 1-94
2024-02-12 21:13:09,706 INFO o.a.j.t.JMeterThread: Thread finished: User 1-94
2024-02-12 21:13:09,715 INFO o.a.j.t.JMeterThread: Thread started: User 1-97
2024-02-12 21:13:09,716 INFO o.a.j.t.JMeterThread: Thread is done: User 1-95
2024-02-12 21:13:09,716 INFO o.a.j.t.JMeterThread: Thread finished: User 1-95
2024-02-12 21:13:09,725 INFO o.a.j.t.JMeterThread: Thread is done: User 1-96
2024-02-12 21:13:09,725 INFO o.a.j.t.JMeterThread: Thread finished: User 1-96
2024-02-12 21:13:09,726 INFO o.a.j.t.JMeterThread: Thread started: User 1-98
2024-02-12 21:13:09,736 INFO o.a.j.t.JMeterThread: Thread started: User 1-99
2024-02-12 21:13:09,737 INFO o.a.j.t.JMeterThread: Thread is done: User 1-97
2024-02-12 21:13:09,737 INFO o.a.j.t.JMeterThread: Thread finished: User 1-97
2024-02-12 21:13:09,745 INFO o.a.j.t.JMeterThread: Thread started: User 1-100
2024-02-12 21:13:09,748 INFO o.a.j.t.JMeterThread: Thread is done: User 1-98
2024-02-12 21:13:09,748 INFO o.a.j.t.JMeterThread: Thread finished: User 1-98
2024-02-12 21:13:09,757 INFO o.a.j.t.JMeterThread: Thread is done: User 1-99
2024-02-12 21:13:09,757 INFO o.a.j.t.JMeterThread: Thread finished: User 1-99
2024-02-12 21:13:09,765 INFO o.a.j.t.JMeterThread: Thread is done: User 1-100
2024-02-12 21:13:09,765 INFO o.a.j.t.JMeterThread: Thread finished: User 1-100
2024-02-12 21:13:09,765 INFO o.a.j.e.StandardJMeterEngine: Notifying test listeners of end of test
2024-02-12 21:13:09,765 INFO o.a.j.g.u.JMeterMenuBar: setRunning(false, *local*)
2024-02-12 21:13:35,033 INFO o.a.j.r.ClassFinder: Will scan jar /opt/homebrew/Cellar/jmeter/5.6.2/libexec/lib/ext/jmeter-plugins-manager-1.9.jar with filter ExtendsClassFilter [parents=[interface org.apache.jmeter.visualizers.ResultRenderer], inner=false, contains=null, notContains=null]. Consider exposing JMeter plugins via META-INF/services, and add JMeter-Skip-Class-Scanning=true manifest attribute so JMeter can skip classfile scanning
2024-02-12 21:13:35,043 INFO o.a.j.r.ClassFinder: Will scan jar /opt/homebrew/Cellar/jmeter/5.6.2/libexec/lib/ext/jmeter-plugins-manager-1.9.jar with filter ExtendsClassFilter [parents=[interface org.apache.jmeter.visualizers.RequestView], inner=false, contains=null, notContains=null]. Consider exposing JMeter plugins via META-INF/services, and add JMeter-Skip-Class-Scanning=true manifest attribute so JMeter can skip classfile scanning
2024-02-12 21:13:46,559 INFO o.a.j.e.StandardJMeterEngine: Running the test!
2024-02-12 21:13:46,560 INFO o.a.j.s.SampleEvent: List of sample_variables: []
2024-02-12 21:13:46,560 INFO o.a.j.g.u.JMeterMenuBar: setRunning(true, *local*)
2024-02-12 21:13:46,592 INFO o.a.j.e.StandardJMeterEngine: Starting ThreadGroup: 1 : User
2024-02-12 21:13:46,593 INFO o.a.j.e.StandardJMeterEngine: Starting 1 threads for group User.
2024-02-12 21:13:46,593 INFO o.a.j.e.StandardJMeterEngine: Thread will continue on error
2024-02-12 21:13:46,593 INFO o.a.j.t.ThreadGroup: Starting thread group... number=1 threads=1 ramp-up=1 delayedStart=false
2024-02-12 21:13:46,593 INFO o.a.j.t.ThreadGroup: Started thread group number 1
2024-02-12 21:13:46,593 INFO o.a.j.e.StandardJMeterEngine: All thread groups have been started
2024-02-12 21:13:46,593 INFO o.a.j.t.JMeterThread: Thread started: User 1-1
2024-02-12 21:13:46,595 INFO o.a.j.t.JMeterThread: Thread is done: User 1-1
2024-02-12 21:13:46,595 INFO o.a.j.t.JMeterThread: Thread finished: User 1-1
2024-02-12 21:13:46,596 INFO o.a.j.e.StandardJMeterEngine: Notifying test listeners of end of test
2024-02-12 21:13:46,596 INFO o.a.j.g.u.JMeterMenuBar: setRunning(false, *local*)
2024-02-12 21:14:12,816 INFO o.a.j.e.StandardJMeterEngine: Running the test!
2024-02-12 21:14:12,817 INFO o.a.j.s.SampleEvent: List of sample_variables: []
2024-02-12 21:14:12,817 INFO o.a.j.g.u.JMeterMenuBar: setRunning(true, *local*)
2024-02-12 21:14:12,846 INFO o.a.j.e.StandardJMeterEngine: Starting ThreadGroup: 1 : User
2024-02-12 21:14:12,846 INFO o.a.j.e.StandardJMeterEngine: Starting 1 threads for group User.
2024-02-12 21:14:12,846 INFO o.a.j.e.StandardJMeterEngine: Thread will continue on error
2024-02-12 21:14:12,846 INFO o.a.j.t.ThreadGroup: Starting thread group... number=1 threads=1 ramp-up=1 delayedStart=false
2024-02-12 21:14:12,846 INFO o.a.j.t.ThreadGroup: Started thread group number 1
2024-02-12 21:14:12,846 INFO o.a.j.e.StandardJMeterEngine: All thread groups have been started
2024-02-12 21:14:12,846 INFO o.a.j.t.JMeterThread: Thread started: User 1-1
2024-02-12 21:14:13,150 INFO o.a.j.t.JMeterThread: Thread is done: User 1-1
2024-02-12 21:14:13,150 INFO o.a.j.t.JMeterThread: Thread finished: User 1-1
2024-02-12 21:14:13,150 INFO o.a.j.e.StandardJMeterEngine: Notifying test listeners of end of test
2024-02-12 21:14:13,151 INFO o.a.j.g.u.JMeterMenuBar: setRunning(false, *local*)
2024-02-12 21:14:24,960 INFO o.a.j.e.StandardJMeterEngine: Running the test!
2024-02-12 21:14:24,960 INFO o.a.j.s.SampleEvent: List of sample_variables: []
2024-02-12 21:14:24,960 INFO o.a.j.g.u.JMeterMenuBar: setRunning(true, *local*)
2024-02-12 21:14:24,995 INFO o.a.j.e.StandardJMeterEngine: Starting ThreadGroup: 1 : User
2024-02-12 21:14:24,995 INFO o.a.j.e.StandardJMeterEngine: Starting 1 threads for group User.
2024-02-12 21:14:24,995 INFO o.a.j.e.StandardJMeterEngine: Thread will continue on error
2024-02-12 21:14:24,995 INFO o.a.j.t.ThreadGroup: Starting thread group... number=1 threads=1 ramp-up=1 delayedStart=false
2024-02-12 21:14:24,996 INFO o.a.j.t.ThreadGroup: Started thread group number 1
2024-02-12 21:14:24,996 INFO o.a.j.e.StandardJMeterEngine: All thread groups have been started
2024-02-12 21:14:24,996 INFO o.a.j.t.JMeterThread: Thread started: User 1-1
2024-02-12 21:14:25,045 INFO o.a.j.t.JMeterThread: Thread is done: User 1-1
2024-02-12 21:14:25,045 INFO o.a.j.t.JMeterThread: Thread finished: User 1-1
2024-02-12 21:14:25,045 INFO o.a.j.e.StandardJMeterEngine: Notifying test listeners of end of test
2024-02-12 21:14:25,045 INFO o.a.j.g.u.JMeterMenuBar: setRunning(false, *local*)
2024-02-12 21:14:36,935 INFO o.a.j.e.StandardJMeterEngine: Running the test!
2024-02-12 21:14:36,936 INFO o.a.j.s.SampleEvent: List of sample_variables: []
2024-02-12 21:14:36,936 INFO o.a.j.g.u.JMeterMenuBar: setRunning(true, *local*)
2024-02-12 21:14:36,967 INFO o.a.j.e.StandardJMeterEngine: Starting ThreadGroup: 1 : User
2024-02-12 21:14:36,968 INFO o.a.j.e.StandardJMeterEngine: Starting 100 threads for group User.
2024-02-12 21:14:36,968 INFO o.a.j.e.StandardJMeterEngine: Thread will continue on error
2024-02-12 21:14:36,968 INFO o.a.j.t.ThreadGroup: Starting thread group... number=1 threads=100 ramp-up=1 delayedStart=false
2024-02-12 21:14:36,968 INFO o.a.j.t.JMeterThread: Thread started: User 1-1
2024-02-12 21:14:36,977 INFO o.a.j.t.ThreadGroup: Started thread group number 1
2024-02-12 21:14:36,977 INFO o.a.j.e.StandardJMeterEngine: All thread groups have been started
2024-02-12 21:14:36,981 INFO o.a.j.t.JMeterThread: Thread started: User 1-2
2024-02-12 21:14:36,993 INFO o.a.j.t.JMeterThread: Thread started: User 1-3
2024-02-12 21:14:37,004 INFO o.a.j.t.JMeterThread: Thread started: User 1-4
2024-02-12 21:14:37,014 INFO o.a.j.t.JMeterThread: Thread started: User 1-5
2024-02-12 21:14:37,020 INFO o.a.j.t.JMeterThread: Thread started: User 1-6
2024-02-12 21:14:37,028 INFO o.a.j.t.JMeterThread: Thread started: User 1-7
2024-02-12 21:14:37,039 INFO o.a.j.t.JMeterThread: Thread started: User 1-8
2024-02-12 21:14:37,048 INFO o.a.j.t.JMeterThread: Thread started: User 1-9
2024-02-12 21:14:37,058 INFO o.a.j.t.JMeterThread: Thread started: User 1-10
2024-02-12 21:14:37,073 INFO o.a.j.t.JMeterThread: Thread started: User 1-11
2024-02-12 21:14:37,079 INFO o.a.j.t.JMeterThread: Thread started: User 1-12
2024-02-12 21:14:37,092 INFO o.a.j.t.JMeterThread: Thread started: User 1-13
2024-02-12 21:14:37,101 INFO o.a.j.t.JMeterThread: Thread started: User 1-14
2024-02-12 21:14:37,112 INFO o.a.j.t.JMeterThread: Thread started: User 1-15
2024-02-12 21:14:37,124 INFO o.a.j.t.JMeterThread: Thread started: User 1-16
2024-02-12 21:14:37,128 INFO o.a.j.t.JMeterThread: Thread started: User 1-17
2024-02-12 21:14:37,143 INFO o.a.j.t.JMeterThread: Thread started: User 1-18
2024-02-12 21:14:37,148 INFO o.a.j.t.JMeterThread: Thread started: User 1-19
2024-02-12 21:14:37,163 INFO o.a.j.t.JMeterThread: Thread started: User 1-20
2024-02-12 21:14:37,169 INFO o.a.j.t.JMeterThread: Thread started: User 1-21
2024-02-12 21:14:37,183 INFO o.a.j.t.JMeterThread: Thread started: User 1-22
2024-02-12 21:14:37,193 INFO o.a.j.t.JMeterThread: Thread started: User 1-23
2024-02-12 21:14:37,199 INFO o.a.j.t.JMeterThread: Thread started: User 1-24
2024-02-12 21:14:37,209 INFO o.a.j.t.JMeterThread: Thread started: User 1-25
2024-02-12 21:14:37,224 INFO o.a.j.t.JMeterThread: Thread started: User 1-26
2024-02-12 21:14:37,234 INFO o.a.j.t.JMeterThread: Thread started: User 1-27
2024-02-12 21:14:37,238 INFO o.a.j.t.JMeterThread: Thread started: User 1-28
2024-02-12 21:14:37,248 INFO o.a.j.t.JMeterThread: Thread started: User 1-29
2024-02-12 21:14:37,258 INFO o.a.j.t.JMeterThread: Thread started: User 1-30
2024-02-12 21:14:37,272 INFO o.a.j.t.JMeterThread: Thread started: User 1-31
2024-02-12 21:14:37,280 INFO o.a.j.t.JMeterThread: Thread started: User 1-32
2024-02-12 21:14:37,289 INFO o.a.j.t.JMeterThread: Thread started: User 1-33
2024-02-12 21:14:37,299 INFO o.a.j.t.JMeterThread: Thread started: User 1-34
2024-02-12 21:14:37,310 INFO o.a.j.t.JMeterThread: Thread started: User 1-35
2024-02-12 21:14:37,323 INFO o.a.j.t.JMeterThread: Thread started: User 1-36
2024-02-12 21:14:37,331 INFO o.a.j.t.JMeterThread: Thread started: User 1-37
2024-02-12 21:14:37,339 INFO o.a.j.t.JMeterThread: Thread started: User 1-38
2024-02-12 21:14:37,354 INFO o.a.j.t.JMeterThread: Thread started: User 1-39
2024-02-12 21:14:37,363 INFO o.a.j.t.JMeterThread: Thread started: User 1-40
2024-02-12 21:14:37,373 INFO o.a.j.t.JMeterThread: Thread started: User 1-41
2024-02-12 21:14:37,378 INFO o.a.j.t.JMeterThread: Thread started: User 1-42
2024-02-12 21:14:37,393 INFO o.a.j.t.JMeterThread: Thread started: User 1-43
2024-02-12 21:14:37,398 INFO o.a.j.t.JMeterThread: Thread started: User 1-44
2024-02-12 21:14:37,409 INFO o.a.j.t.JMeterThread: Thread started: User 1-45
2024-02-12 21:14:37,423 INFO o.a.j.t.JMeterThread: Thread started: User 1-46
2024-02-12 21:14:37,433 INFO o.a.j.t.JMeterThread: Thread started: User 1-47
2024-02-12 21:14:37,442 INFO o.a.j.t.JMeterThread: Thread started: User 1-48
2024-02-12 21:14:37,453 INFO o.a.j.t.JMeterThread: Thread started: User 1-49
2024-02-12 21:14:37,464 INFO o.a.j.t.JMeterThread: Thread started: User 1-50
2024-02-12 21:14:37,474 INFO o.a.j.t.JMeterThread: Thread started: User 1-51
2024-02-12 21:14:37,478 INFO o.a.j.t.JMeterThread: Thread started: User 1-52
2024-02-12 21:14:37,488 INFO o.a.j.t.JMeterThread: Thread started: User 1-53
2024-02-12 21:14:37,502 INFO o.a.j.t.JMeterThread: Thread started: User 1-54
2024-02-12 21:14:37,509 INFO o.a.j.t.JMeterThread: Thread started: User 1-55
2024-02-12 21:14:37,519 INFO o.a.j.t.JMeterThread: Thread started: User 1-56
2024-02-12 21:14:37,531 INFO o.a.j.t.JMeterThread: Thread started: User 1-57
2024-02-12 21:14:37,543 INFO o.a.j.t.JMeterThread: Thread started: User 1-58
2024-02-12 21:14:37,553 INFO o.a.j.t.JMeterThread: Thread started: User 1-59
2024-02-12 21:14:37,560 INFO o.a.j.t.JMeterThread: Thread started: User 1-60
2024-02-12 21:14:37,573 INFO o.a.j.t.JMeterThread: Thread started: User 1-61
2024-02-12 21:14:37,579 INFO o.a.j.t.JMeterThread: Thread started: User 1-62
2024-02-12 21:14:37,594 INFO o.a.j.t.JMeterThread: Thread started: User 1-63
2024-02-12 21:14:37,598 INFO o.a.j.t.JMeterThread: Thread started: User 1-64
2024-02-12 21:14:37,613 INFO o.a.j.t.JMeterThread: Thread started: User 1-65
2024-02-12 21:14:37,619 INFO o.a.j.t.JMeterThread: Thread started: User 1-66
2024-02-12 21:14:37,633 INFO o.a.j.t.JMeterThread: Thread started: User 1-67
2024-02-12 21:14:37,639 INFO o.a.j.t.JMeterThread: Thread started: User 1-68
2024-02-12 21:14:37,649 INFO o.a.j.t.JMeterThread: Thread started: User 1-69
2024-02-12 21:14:37,660 INFO o.a.j.t.JMeterThread: Thread started: User 1-70
2024-02-12 21:14:37,669 INFO o.a.j.t.JMeterThread: Thread started: User 1-71
2024-02-12 21:14:37,680 INFO o.a.j.t.JMeterThread: Thread started: User 1-72
2024-02-12 21:14:37,693 INFO o.a.j.t.JMeterThread: Thread started: User 1-73
2024-02-12 21:14:37,698 INFO o.a.j.t.JMeterThread: Thread started: User 1-74
2024-02-12 21:14:37,709 INFO o.a.j.t.JMeterThread: Thread started: User 1-75
2024-02-12 21:14:37,723 INFO o.a.j.t.JMeterThread: Thread started: User 1-76
2024-02-12 21:14:37,728 INFO o.a.j.t.JMeterThread: Thread started: User 1-77
2024-02-12 21:14:37,738 INFO o.a.j.t.JMeterThread: Thread started: User 1-78
2024-02-12 21:14:37,749 INFO o.a.j.t.JMeterThread: Thread started: User 1-79
2024-02-12 21:14:37,763 INFO o.a.j.t.JMeterThread: Thread started: User 1-80
2024-02-12 21:14:37,769 INFO o.a.j.t.JMeterThread: Thread started: User 1-81
2024-02-12 21:14:37,779 INFO o.a.j.t.JMeterThread: Thread started: User 1-82
2024-02-12 21:14:37,789 INFO o.a.j.t.JMeterThread: Thread started: User 1-83
2024-02-12 21:14:37,799 INFO o.a.j.t.JMeterThread: Thread started: User 1-84
2024-02-12 21:14:37,811 INFO o.a.j.t.JMeterThread: Thread started: User 1-85
2024-02-12 21:14:37,823 INFO o.a.j.t.JMeterThread: Thread started: User 1-86
2024-02-12 21:14:37,832 INFO o.a.j.t.JMeterThread: Thread started: User 1-87
2024-02-12 21:14:37,839 INFO o.a.j.t.JMeterThread: Thread started: User 1-88
2024-02-12 21:14:37,850 INFO o.a.j.t.JMeterThread: Thread started: User 1-89
2024-02-12 21:14:37,858 INFO o.a.j.t.JMeterThread: Thread started: User 1-90
2024-02-12 21:14:37,873 INFO o.a.j.t.JMeterThread: Thread started: User 1-91
2024-02-12 21:14:37,879 INFO o.a.j.t.JMeterThread: Thread started: User 1-92
2024-02-12 21:14:37,888 INFO o.a.j.t.JMeterThread: Thread started: User 1-93
2024-02-12 21:14:37,901 INFO o.a.j.t.JMeterThread: Thread started: User 1-94
2024-02-12 21:14:37,910 INFO o.a.j.t.JMeterThread: Thread started: User 1-95
2024-02-12 21:14:37,924 INFO o.a.j.t.JMeterThread: Thread started: User 1-96
2024-02-12 21:14:37,928 INFO o.a.j.t.JMeterThread: Thread started: User 1-97
2024-02-12 21:14:37,942 INFO o.a.j.t.JMeterThread: Thread started: User 1-98
2024-02-12 21:14:37,948 INFO o.a.j.t.JMeterThread: Thread started: User 1-99
2024-02-12 21:14:37,958 INFO o.a.j.t.JMeterThread: Thread started: User 1-100
2024-02-12 21:15:04,665 INFO o.a.j.t.JMeterThread: Thread is done: User 1-8
2024-02-12 21:15:04,666 INFO o.a.j.t.JMeterThread: Thread finished: User 1-8
2024-02-12 21:15:04,793 INFO o.a.j.t.JMeterThread: Thread is done: User 1-9
2024-02-12 21:15:04,793 INFO o.a.j.t.JMeterThread: Thread finished: User 1-9
2024-02-12 21:15:04,815 INFO o.a.j.t.JMeterThread: Thread is done: User 1-36
2024-02-12 21:15:04,815 INFO o.a.j.t.JMeterThread: Thread finished: User 1-36
2024-02-12 21:15:04,822 INFO o.a.j.t.JMeterThread: Thread is done: User 1-7
2024-02-12 21:15:04,822 INFO o.a.j.t.JMeterThread: Thread finished: User 1-7
2024-02-12 21:15:04,822 INFO o.a.j.t.JMeterThread: Thread is done: User 1-40
2024-02-12 21:15:04,822 INFO o.a.j.t.JMeterThread: Thread finished: User 1-40
2024-02-12 21:15:04,826 INFO o.a.j.t.JMeterThread: Thread is done: User 1-47
2024-02-12 21:15:04,826 INFO o.a.j.t.JMeterThread: Thread finished: User 1-47
2024-02-12 21:15:04,826 INFO o.a.j.t.JMeterThread: Thread is done: User 1-75
2024-02-12 21:15:04,826 INFO o.a.j.t.JMeterThread: Thread finished: User 1-75
2024-02-12 21:15:04,827 INFO o.a.j.t.JMeterThread: Thread is done: User 1-41
2024-02-12 21:15:04,828 INFO o.a.j.t.JMeterThread: Thread finished: User 1-41
2024-02-12 21:15:04,830 INFO o.a.j.t.JMeterThread: Thread is done: User 1-72
2024-02-12 21:15:04,830 INFO o.a.j.t.JMeterThread: Thread finished: User 1-72
2024-02-12 21:15:04,835 INFO o.a.j.t.JMeterThread: Thread is done: User 1-45
2024-02-12 21:15:04,835 INFO o.a.j.t.JMeterThread: Thread finished: User 1-45
2024-02-12 21:15:04,840 INFO o.a.j.t.JMeterThread: Thread is done: User 1-96
2024-02-12 21:15:04,840 INFO o.a.j.t.JMeterThread: Thread finished: User 1-96
2024-02-12 21:15:04,845 INFO o.a.j.t.JMeterThread: Thread is done: User 1-20
2024-02-12 21:15:04,845 INFO o.a.j.t.JMeterThread: Thread finished: User 1-20
2024-02-12 21:15:04,845 INFO o.a.j.t.JMeterThread: Thread is done: User 1-66
2024-02-12 21:15:04,845 INFO o.a.j.t.JMeterThread: Thread finished: User 1-66
2024-02-12 21:15:04,876 INFO o.a.j.t.JMeterThread: Thread is done: User 1-67
2024-02-12 21:15:04,877 INFO o.a.j.t.JMeterThread: Thread finished: User 1-67
2024-02-12 21:15:04,877 INFO o.a.j.t.JMeterThread: Thread is done: User 1-25
2024-02-12 21:15:04,877 INFO o.a.j.t.JMeterThread: Thread finished: User 1-25
2024-02-12 21:15:04,878 INFO o.a.j.t.JMeterThread: Thread is done: User 1-79
2024-02-12 21:15:04,878 INFO o.a.j.t.JMeterThread: Thread finished: User 1-79
2024-02-12 21:15:04,878 INFO o.a.j.t.JMeterThread: Thread is done: User 1-71
2024-02-12 21:15:04,878 INFO o.a.j.t.JMeterThread: Thread finished: User 1-71
2024-02-12 21:15:04,879 INFO o.a.j.t.JMeterThread: Thread is done: User 1-12
2024-02-12 21:15:04,879 INFO o.a.j.t.JMeterThread: Thread finished: User 1-12
2024-02-12 21:15:04,884 INFO o.a.j.t.JMeterThread: Thread is done: User 1-63
2024-02-12 21:15:04,884 INFO o.a.j.t.JMeterThread: Thread finished: User 1-63
2024-02-12 21:15:04,889 INFO o.a.j.t.JMeterThread: Thread is done: User 1-21
2024-02-12 21:15:04,890 INFO o.a.j.t.JMeterThread: Thread finished: User 1-21
2024-02-12 21:15:04,893 INFO o.a.j.t.JMeterThread: Thread is done: User 1-18
2024-02-12 21:15:04,893 INFO o.a.j.t.JMeterThread: Thread finished: User 1-18
2024-02-12 21:15:04,899 INFO o.a.j.t.JMeterThread: Thread is done: User 1-43
2024-02-12 21:15:04,899 INFO o.a.j.t.JMeterThread: Thread finished: User 1-43
2024-02-12 21:15:04,899 INFO o.a.j.t.JMeterThread: Thread is done: User 1-31
2024-02-12 21:15:04,899 INFO o.a.j.t.JMeterThread: Thread finished: User 1-31
2024-02-12 21:15:04,900 INFO o.a.j.t.JMeterThread: Thread is done: User 1-17
2024-02-12 21:15:04,901 INFO o.a.j.t.JMeterThread: Thread finished: User 1-17
2024-02-12 21:15:04,901 INFO o.a.j.t.JMeterThread: Thread is done: User 1-15
2024-02-12 21:15:04,902 INFO o.a.j.t.JMeterThread: Thread finished: User 1-15
2024-02-12 21:15:04,903 INFO o.a.j.t.JMeterThread: Thread is done: User 1-5
2024-02-12 21:15:04,903 INFO o.a.j.t.JMeterThread: Thread finished: User 1-5
2024-02-12 21:15:04,907 INFO o.a.j.t.JMeterThread: Thread is done: User 1-28
2024-02-12 21:15:04,907 INFO o.a.j.t.JMeterThread: Thread finished: User 1-28
2024-02-12 21:15:04,910 INFO o.a.j.t.JMeterThread: Thread is done: User 1-35
2024-02-12 21:15:04,910 INFO o.a.j.t.JMeterThread: Thread finished: User 1-35
2024-02-12 21:15:04,911 INFO o.a.j.t.JMeterThread: Thread is done: User 1-65
2024-02-12 21:15:04,910 INFO o.a.j.t.JMeterThread: Thread is done: User 1-34
2024-02-12 21:15:04,911 INFO o.a.j.t.JMeterThread: Thread finished: User 1-34
2024-02-12 21:15:04,910 INFO o.a.j.t.JMeterThread: Thread is done: User 1-58
2024-02-12 21:15:04,911 INFO o.a.j.t.JMeterThread: Thread finished: User 1-65
2024-02-12 21:15:04,911 INFO o.a.j.t.JMeterThread: Thread finished: User 1-58
2024-02-12 21:15:04,914 INFO o.a.j.t.JMeterThread: Thread is done: User 1-11
2024-02-12 21:15:04,914 INFO o.a.j.t.JMeterThread: Thread finished: User 1-11
2024-02-12 21:15:04,916 INFO o.a.j.t.JMeterThread: Thread is done: User 1-38
2024-02-12 21:15:04,916 INFO o.a.j.t.JMeterThread: Thread finished: User 1-38
2024-02-12 21:15:04,916 INFO o.a.j.t.JMeterThread: Thread is done: User 1-70
2024-02-12 21:15:04,917 INFO o.a.j.t.JMeterThread: Thread finished: User 1-70
2024-02-12 21:15:04,921 INFO o.a.j.t.JMeterThread: Thread is done: User 1-33
2024-02-12 21:15:04,921 INFO o.a.j.t.JMeterThread: Thread finished: User 1-33
2024-02-12 21:15:04,922 INFO o.a.j.t.JMeterThread: Thread is done: User 1-59
2024-02-12 21:15:04,922 INFO o.a.j.t.JMeterThread: Thread finished: User 1-59
2024-02-12 21:15:04,922 INFO o.a.j.t.JMeterThread: Thread is done: User 1-91
2024-02-12 21:15:04,922 INFO o.a.j.t.JMeterThread: Thread finished: User 1-91
2024-02-12 21:15:04,923 INFO o.a.j.t.JMeterThread: Thread is done: User 1-37
2024-02-12 21:15:04,923 INFO o.a.j.t.JMeterThread: Thread finished: User 1-37
2024-02-12 21:15:04,924 INFO o.a.j.t.JMeterThread: Thread is done: User 1-85
2024-02-12 21:15:04,925 INFO o.a.j.t.JMeterThread: Thread finished: User 1-85
2024-02-12 21:15:04,925 INFO o.a.j.t.JMeterThread: Thread is done: User 1-48
2024-02-12 21:15:04,926 INFO o.a.j.t.JMeterThread: Thread finished: User 1-48
2024-02-12 21:15:04,926 INFO o.a.j.t.JMeterThread: Thread is done: User 1-69
2024-02-12 21:15:04,926 INFO o.a.j.t.JMeterThread: Thread finished: User 1-69
2024-02-12 21:15:04,926 INFO o.a.j.t.JMeterThread: Thread is done: User 1-3
2024-02-12 21:15:04,926 INFO o.a.j.t.JMeterThread: Thread finished: User 1-3
2024-02-12 21:15:04,927 INFO o.a.j.t.JMeterThread: Thread is done: User 1-73
2024-02-12 21:15:04,927 INFO o.a.j.t.JMeterThread: Thread finished: User 1-73
2024-02-12 21:15:04,930 INFO o.a.j.t.JMeterThread: Thread is done: User 1-86
2024-02-12 21:15:04,930 INFO o.a.j.t.JMeterThread: Thread finished: User 1-86
2024-02-12 21:15:04,930 INFO o.a.j.t.JMeterThread: Thread is done: User 1-81
2024-02-12 21:15:04,930 INFO o.a.j.t.JMeterThread: Thread finished: User 1-81
2024-02-12 21:15:04,931 INFO o.a.j.t.JMeterThread: Thread is done: User 1-77
2024-02-12 21:15:04,931 INFO o.a.j.t.JMeterThread: Thread finished: User 1-77
2024-02-12 21:15:04,931 INFO o.a.j.t.JMeterThread: Thread is done: User 1-95
2024-02-12 21:15:04,931 INFO o.a.j.t.JMeterThread: Thread finished: User 1-95
2024-02-12 21:15:04,935 INFO o.a.j.t.JMeterThread: Thread is done: User 1-90
2024-02-12 21:15:04,935 INFO o.a.j.t.JMeterThread: Thread is done: User 1-14
2024-02-12 21:15:04,935 INFO o.a.j.t.JMeterThread: Thread finished: User 1-90
2024-02-12 21:15:04,935 INFO o.a.j.t.JMeterThread: Thread is done: User 1-32
2024-02-12 21:15:04,935 INFO o.a.j.t.JMeterThread: Thread finished: User 1-32
2024-02-12 21:15:04,935 INFO o.a.j.t.JMeterThread: Thread is done: User 1-98
2024-02-12 21:15:04,935 INFO o.a.j.t.JMeterThread: Thread finished: User 1-98
2024-02-12 21:15:04,935 INFO o.a.j.t.JMeterThread: Thread is done: User 1-39
2024-02-12 21:15:04,936 INFO o.a.j.t.JMeterThread: Thread finished: User 1-39
2024-02-12 21:15:04,935 INFO o.a.j.t.JMeterThread: Thread finished: User 1-14
2024-02-12 21:15:04,938 INFO o.a.j.t.JMeterThread: Thread is done: User 1-74
2024-02-12 21:15:04,938 INFO o.a.j.t.JMeterThread: Thread finished: User 1-74
2024-02-12 21:15:04,938 INFO o.a.j.t.JMeterThread: Thread is done: User 1-99
2024-02-12 21:15:04,939 INFO o.a.j.t.JMeterThread: Thread is done: User 1-57
2024-02-12 21:15:04,939 INFO o.a.j.t.JMeterThread: Thread finished: User 1-99
2024-02-12 21:15:04,939 INFO o.a.j.t.JMeterThread: Thread finished: User 1-57
2024-02-12 21:15:04,940 INFO o.a.j.t.JMeterThread: Thread is done: User 1-2
2024-02-12 21:15:04,940 INFO o.a.j.t.JMeterThread: Thread finished: User 1-2
2024-02-12 21:15:04,940 INFO o.a.j.t.JMeterThread: Thread is done: User 1-19
2024-02-12 21:15:04,940 INFO o.a.j.t.JMeterThread: Thread finished: User 1-19
2024-02-12 21:15:04,942 INFO o.a.j.t.JMeterThread: Thread is done: User 1-100
2024-02-12 21:15:04,942 INFO o.a.j.t.JMeterThread: Thread finished: User 1-100
2024-02-12 21:15:04,943 INFO o.a.j.t.JMeterThread: Thread is done: User 1-52
2024-02-12 21:15:04,943 INFO o.a.j.t.JMeterThread: Thread finished: User 1-52
2024-02-12 21:15:04,942 INFO o.a.j.t.JMeterThread: Thread is done: User 1-1
2024-02-12 21:15:04,943 INFO o.a.j.t.JMeterThread: Thread finished: User 1-1
2024-02-12 21:15:04,943 INFO o.a.j.t.JMeterThread: Thread is done: User 1-51
2024-02-12 21:15:04,943 INFO o.a.j.t.JMeterThread: Thread finished: User 1-51
2024-02-12 21:15:04,943 INFO o.a.j.t.JMeterThread: Thread is done: User 1-49
2024-02-12 21:15:04,943 INFO o.a.j.t.JMeterThread: Thread finished: User 1-49
2024-02-12 21:15:04,943 INFO o.a.j.t.JMeterThread: Thread is done: User 1-76
2024-02-12 21:15:04,943 INFO o.a.j.t.JMeterThread: Thread finished: User 1-76
2024-02-12 21:15:04,972 INFO o.a.j.t.JMeterThread: Thread is done: User 1-80
2024-02-12 21:15:04,972 INFO o.a.j.t.JMeterThread: Thread finished: User 1-80
2024-02-12 21:15:04,972 INFO o.a.j.t.JMeterThread: Thread is done: User 1-92
2024-02-12 21:15:04,973 INFO o.a.j.t.JMeterThread: Thread finished: User 1-92
2024-02-12 21:15:04,974 INFO o.a.j.t.JMeterThread: Thread is done: User 1-29
2024-02-12 21:15:04,974 INFO o.a.j.t.JMeterThread: Thread finished: User 1-29
2024-02-12 21:15:04,975 INFO o.a.j.t.JMeterThread: Thread is done: User 1-54
2024-02-12 21:15:04,975 INFO o.a.j.t.JMeterThread: Thread is done: User 1-16
2024-02-12 21:15:04,975 INFO o.a.j.t.JMeterThread: Thread is done: User 1-42
2024-02-12 21:15:04,975 INFO o.a.j.t.JMeterThread: Thread finished: User 1-42
2024-02-12 21:15:04,975 INFO o.a.j.t.JMeterThread: Thread is done: User 1-64
2024-02-12 21:15:04,975 INFO o.a.j.t.JMeterThread: Thread finished: User 1-64
2024-02-12 21:15:04,975 INFO o.a.j.t.JMeterThread: Thread finished: User 1-16
2024-02-12 21:15:04,975 INFO o.a.j.t.JMeterThread: Thread finished: User 1-54
2024-02-12 21:15:04,975 INFO o.a.j.t.JMeterThread: Thread is done: User 1-26
2024-02-12 21:15:04,975 INFO o.a.j.t.JMeterThread: Thread finished: User 1-26
2024-02-12 21:15:04,976 INFO o.a.j.t.JMeterThread: Thread is done: User 1-53
2024-02-12 21:15:04,976 INFO o.a.j.t.JMeterThread: Thread finished: User 1-53
2024-02-12 21:15:04,976 INFO o.a.j.t.JMeterThread: Thread is done: User 1-78
2024-02-12 21:15:04,976 INFO o.a.j.t.JMeterThread: Thread finished: User 1-78
2024-02-12 21:15:04,981 INFO o.a.j.t.JMeterThread: Thread is done: User 1-56
2024-02-12 21:15:04,981 INFO o.a.j.t.JMeterThread: Thread finished: User 1-56
2024-02-12 21:15:04,981 INFO o.a.j.t.JMeterThread: Thread is done: User 1-46
2024-02-12 21:15:04,981 INFO o.a.j.t.JMeterThread: Thread finished: User 1-46
2024-02-12 21:15:04,981 INFO o.a.j.t.JMeterThread: Thread is done: User 1-55
2024-02-12 21:15:04,981 INFO o.a.j.t.JMeterThread: Thread finished: User 1-55
2024-02-12 21:15:04,982 INFO o.a.j.t.JMeterThread: Thread is done: User 1-22
2024-02-12 21:15:04,982 INFO o.a.j.t.JMeterThread: Thread finished: User 1-22
2024-02-12 21:15:04,982 INFO o.a.j.t.JMeterThread: Thread is done: User 1-61
2024-02-12 21:15:04,982 INFO o.a.j.t.JMeterThread: Thread is done: User 1-23
2024-02-12 21:15:04,982 INFO o.a.j.t.JMeterThread: Thread finished: User 1-61
2024-02-12 21:15:04,982 INFO o.a.j.t.JMeterThread: Thread is done: User 1-50
2024-02-12 21:15:04,982 INFO o.a.j.t.JMeterThread: Thread finished: User 1-50
2024-02-12 21:15:04,983 INFO o.a.j.t.JMeterThread: Thread is done: User 1-83
2024-02-12 21:15:04,983 INFO o.a.j.t.JMeterThread: Thread finished: User 1-83
2024-02-12 21:15:04,983 INFO o.a.j.t.JMeterThread: Thread is done: User 1-68
2024-02-12 21:15:04,983 INFO o.a.j.t.JMeterThread: Thread finished: User 1-68
2024-02-12 21:15:04,983 INFO o.a.j.t.JMeterThread: Thread finished: User 1-23
2024-02-12 21:15:04,987 INFO o.a.j.t.JMeterThread: Thread is done: User 1-60
2024-02-12 21:15:04,987 INFO o.a.j.t.JMeterThread: Thread finished: User 1-60
2024-02-12 21:15:04,988 INFO o.a.j.t.JMeterThread: Thread is done: User 1-24
2024-02-12 21:15:04,988 INFO o.a.j.t.JMeterThread: Thread finished: User 1-24
2024-02-12 21:15:04,988 INFO o.a.j.t.JMeterThread: Thread is done: User 1-44
2024-02-12 21:15:04,988 INFO o.a.j.t.JMeterThread: Thread finished: User 1-44
2024-02-12 21:15:04,988 INFO o.a.j.t.JMeterThread: Thread is done: User 1-30
2024-02-12 21:15:04,988 INFO o.a.j.t.JMeterThread: Thread finished: User 1-30
2024-02-12 21:15:04,988 INFO o.a.j.t.JMeterThread: Thread is done: User 1-93
2024-02-12 21:15:04,988 INFO o.a.j.t.JMeterThread: Thread is done: User 1-94
2024-02-12 21:15:04,988 INFO o.a.j.t.JMeterThread: Thread finished: User 1-94
2024-02-12 21:15:04,988 INFO o.a.j.t.JMeterThread: Thread finished: User 1-93
2024-02-12 21:15:04,991 INFO o.a.j.t.JMeterThread: Thread is done: User 1-13
2024-02-12 21:15:04,991 INFO o.a.j.t.JMeterThread: Thread is done: User 1-62
2024-02-12 21:15:04,991 INFO o.a.j.t.JMeterThread: Thread finished: User 1-13
2024-02-12 21:15:04,991 INFO o.a.j.t.JMeterThread: Thread finished: User 1-62
2024-02-12 21:15:04,991 INFO o.a.j.t.JMeterThread: Thread is done: User 1-27
2024-02-12 21:15:04,991 INFO o.a.j.t.JMeterThread: Thread is done: User 1-84
2024-02-12 21:15:04,991 INFO o.a.j.t.JMeterThread: Thread finished: User 1-27
2024-02-12 21:15:04,991 INFO o.a.j.t.JMeterThread: Thread finished: User 1-84
2024-02-12 21:15:04,992 INFO o.a.j.t.JMeterThread: Thread is done: User 1-97
2024-02-12 21:15:04,992 INFO o.a.j.t.JMeterThread: Thread finished: User 1-97
2024-02-12 21:15:04,995 INFO o.a.j.t.JMeterThread: Thread is done: User 1-4
2024-02-12 21:15:04,995 INFO o.a.j.t.JMeterThread: Thread finished: User 1-4
2024-02-12 21:15:04,995 INFO o.a.j.t.JMeterThread: Thread is done: User 1-10
2024-02-12 21:15:04,995 INFO o.a.j.t.JMeterThread: Thread finished: User 1-10
2024-02-12 21:15:04,995 INFO o.a.j.t.JMeterThread: Thread is done: User 1-6
2024-02-12 21:15:04,995 INFO o.a.j.t.JMeterThread: Thread finished: User 1-6
2024-02-12 21:15:04,998 INFO o.a.j.t.JMeterThread: Thread is done: User 1-89
2024-02-12 21:15:04,998 INFO o.a.j.t.JMeterThread: Thread finished: User 1-89
2024-02-12 21:15:05,000 INFO o.a.j.t.JMeterThread: Thread is done: User 1-87
2024-02-12 21:15:05,000 INFO o.a.j.t.JMeterThread: Thread finished: User 1-87
2024-02-12 21:15:05,001 INFO o.a.j.t.JMeterThread: Thread is done: User 1-82
2024-02-12 21:15:05,001 INFO o.a.j.t.JMeterThread: Thread finished: User 1-82
2024-02-12 21:15:05,121 INFO o.a.j.t.JMeterThread: Thread is done: User 1-88
2024-02-12 21:15:05,121 INFO o.a.j.t.JMeterThread: Thread finished: User 1-88
2024-02-12 21:15:05,122 INFO o.a.j.e.StandardJMeterEngine: Notifying test listeners of end of test
2024-02-12 21:15:05,122 INFO o.a.j.g.u.JMeterMenuBar: setRunning(false, *local*)
